<?xml version="1.0" encoding="UTF-8"?>
<testng-results ignored="0" total="2" passed="2" failed="0" skipped="0">
  <reporter-output>
  </reporter-output>
  <suite started-at="2024-03-02T15:53:40 IST" name="Suite" finished-at="2024-03-02T15:54:07 IST" duration-ms="26411">
    <groups>
    </groups>
    <test started-at="2024-03-02T15:53:40 IST" name="chrome" finished-at="2024-03-02T15:54:05 IST" duration-ms="24498">
      <class name="com.pos.testcases.CreateNewVendor">
        <test-method is-config="true" signature="setValues()[pri:0, instance:com.pos.testcases.CreateNewVendor@76505305]" started-at="2024-03-02T15:53:40 IST" name="setValues" finished-at="2024-03-02T15:53:40 IST" duration-ms="0" status="PASS">
          <reporter-output>
          </reporter-output>
        </test-method> <!-- setValues -->
        <test-method is-config="true" signature="startTestCase()[pri:0, instance:com.pos.testcases.CreateNewVendor@76505305]" started-at="2024-03-02T15:53:40 IST" name="startTestCase" finished-at="2024-03-02T15:53:40 IST" duration-ms="5" status="PASS">
          <reporter-output>
          </reporter-output>
        </test-method> <!-- startTestCase -->
        <test-method is-config="true" signature="preCondition(java.lang.String)[pri:0, instance:com.pos.testcases.CreateNewVendor@76505305]" started-at="2024-03-02T15:53:41 IST" name="preCondition" finished-at="2024-03-02T15:53:48 IST" duration-ms="6785" status="PASS">
          <params>
            <param index="0">
              <value>
                <![CDATA[chrome]]>
              </value>
            </param>
          </params>
          <reporter-output>
          </reporter-output>
        </test-method> <!-- preCondition -->
        <test-method signature="runLogin(java.lang.String,java.lang.String,java.lang.String,java.lang.String,java.lang.String,java.lang.String)[pri:0, instance:com.pos.testcases.CreateNewVendor@76505305]" started-at="2024-03-02T15:53:48 IST" name="runLogin" data-provider="fetchData" finished-at="2024-03-02T15:54:05 IST" duration-ms="16695" status="PASS">
          <params>
            <param index="0">
              <value>
                <![CDATA[8220316333]]>
              </value>
            </param>
            <param index="1">
              <value>
                <![CDATA[Dhruv]]>
              </value>
            </param>
            <param index="2">
              <value>
                <![CDATA[Selenium descrip]]>
              </value>
            </param>
            <param index="3">
              <value>
                <![CDATA[Salem]]>
              </value>
            </param>
            <param index="4">
              <value>
                <![CDATA[8220316333]]>
              </value>
            </param>
            <param index="5">
              <value>
                <![CDATA[dhruv@gmail.com]]>
              </value>
            </param>
          </params>
          <reporter-output>
          </reporter-output>
        </test-method> <!-- runLogin -->
        <test-method is-config="true" signature="postCondition()[pri:0, instance:com.pos.testcases.CreateNewVendor@76505305]" started-at="2024-03-02T15:54:05 IST" name="postCondition" finished-at="2024-03-02T15:54:05 IST" duration-ms="174" status="PASS">
          <reporter-output>
          </reporter-output>
        </test-method> <!-- postCondition -->
      </class> <!-- com.pos.testcases.CreateNewVendor -->
    </test> <!-- chrome -->
    <test started-at="2024-03-02T15:53:40 IST" name="firefox" finished-at="2024-03-02T15:54:07 IST" duration-ms="26411">
      <class name="com.pos.testcases.CreateNewCutomer">
        <test-method is-config="true" signature="startReport()[pri:0, instance:com.pos.testcases.CreateNewCutomer@4c12331b]" started-at="2024-03-02T15:53:40 IST" name="startReport" finished-at="2024-03-02T15:53:40 IST" duration-ms="143" status="PASS">
          <reporter-output>
          </reporter-output>
        </test-method> <!-- startReport -->
        <test-method is-config="true" signature="setValues()[pri:0, instance:com.pos.testcases.CreateNewCutomer@4c12331b]" started-at="2024-03-02T15:53:40 IST" name="setValues" finished-at="2024-03-02T15:53:40 IST" duration-ms="0" status="PASS">
          <reporter-output>
          </reporter-output>
        </test-method> <!-- setValues -->
        <test-method is-config="true" signature="startTestCase()[pri:0, instance:com.pos.testcases.CreateNewCutomer@4c12331b]" started-at="2024-03-02T15:53:40 IST" name="startTestCase" finished-at="2024-03-02T15:53:40 IST" duration-ms="5" status="PASS">
          <reporter-output>
          </reporter-output>
        </test-method> <!-- startTestCase -->
        <test-method is-config="true" signature="preCondition(java.lang.String)[pri:0, instance:com.pos.testcases.CreateNewCutomer@4c12331b]" started-at="2024-03-02T15:53:41 IST" name="preCondition" finished-at="2024-03-02T15:53:50 IST" duration-ms="8487" status="PASS">
          <params>
            <param index="0">
              <value>
                <![CDATA[firefox]]>
              </value>
            </param>
          </params>
          <reporter-output>
          </reporter-output>
        </test-method> <!-- preCondition -->
        <test-method signature="runLogin(java.lang.String,java.lang.String,java.lang.String,java.lang.String,java.lang.String,java.lang.String)[pri:0, instance:com.pos.testcases.CreateNewCutomer@4c12331b]" started-at="2024-03-02T15:53:50 IST" name="runLogin" data-provider="fetchData" finished-at="2024-03-02T15:54:06 IST" duration-ms="16214" status="PASS">
          <params>
            <param index="0">
              <value>
                <![CDATA[9976749222]]>
              </value>
            </param>
            <param index="1">
              <value>
                <![CDATA[Sarfaraz]]>
              </value>
            </param>
            <param index="2">
              <value>
                <![CDATA[devops des]]>
              </value>
            </param>
            <param index="3">
              <value>
                <![CDATA[Salem]]>
              </value>
            </param>
            <param index="4">
              <value>
                <![CDATA[9976749222]]>
              </value>
            </param>
            <param index="5">
              <value>
                <![CDATA[sarf22@gmail.com]]>
              </value>
            </param>
          </params>
          <reporter-output>
          </reporter-output>
        </test-method> <!-- runLogin -->
        <test-method is-config="true" signature="postCondition()[pri:0, instance:com.pos.testcases.CreateNewCutomer@4c12331b]" started-at="2024-03-02T15:54:06 IST" name="postCondition" finished-at="2024-03-02T15:54:07 IST" duration-ms="872" status="PASS">
          <reporter-output>
          </reporter-output>
        </test-method> <!-- postCondition -->
        <test-method is-config="true" signature="endResult()[pri:0, instance:com.pos.testcases.CreateNewCutomer@4c12331b]" started-at="2024-03-02T15:54:07 IST" name="endResult" finished-at="2024-03-02T15:54:07 IST" duration-ms="411" status="PASS">
          <reporter-output>
          </reporter-output>
        </test-method> <!-- endResult -->
      </class> <!-- com.pos.testcases.CreateNewCutomer -->
    </test> <!-- firefox -->
  </suite> <!-- Suite -->
</testng-results>
