<?xml version="1.0" encoding="UTF-8"?>
<testng-results ignored="0" total="2" passed="2" failed="0" skipped="0">
  <reporter-output>
  </reporter-output>
  <suite started-at="2024-03-02T16:26:12 IST" name="Suite" finished-at="2024-03-02T16:26:37 IST" duration-ms="24832">
    <groups>
    </groups>
    <test started-at="2024-03-02T16:26:12 IST" name="chrome" finished-at="2024-03-02T16:26:36 IST" duration-ms="23719">
      <class name="com.pos.testcases.CreateNewVendor">
        <test-method is-config="true" signature="setValues()[pri:0, instance:com.pos.testcases.CreateNewVendor@3e694b3f]" started-at="2024-03-02T16:26:12 IST" name="setValues" finished-at="2024-03-02T16:26:12 IST" duration-ms="0" status="PASS">
          <reporter-output>
          </reporter-output>
        </test-method> <!-- setValues -->
        <test-method is-config="true" signature="startTestCase()[pri:0, instance:com.pos.testcases.CreateNewVendor@3e694b3f]" started-at="2024-03-02T16:26:12 IST" name="startTestCase" finished-at="2024-03-02T16:26:12 IST" duration-ms="4" status="PASS">
          <reporter-output>
          </reporter-output>
        </test-method> <!-- startTestCase -->
        <test-method is-config="true" signature="preCondition(java.lang.String)[pri:0, instance:com.pos.testcases.CreateNewVendor@3e694b3f]" started-at="2024-03-02T16:26:13 IST" name="preCondition" finished-at="2024-03-02T16:26:17 IST" duration-ms="3506" status="PASS">
          <params>
            <param index="0">
              <value>
                <![CDATA[chrome]]>
              </value>
            </param>
          </params>
          <reporter-output>
          </reporter-output>
        </test-method> <!-- preCondition -->
        <test-method signature="runLogin(java.lang.String,java.lang.String,java.lang.String,java.lang.String,java.lang.String,java.lang.String)[pri:0, instance:com.pos.testcases.CreateNewVendor@3e694b3f]" started-at="2024-03-02T16:26:17 IST" name="runLogin" data-provider="fetchData" finished-at="2024-03-02T16:26:36 IST" duration-ms="19204" status="PASS">
          <params>
            <param index="0">
              <value>
                <![CDATA[8220316333]]>
              </value>
            </param>
            <param index="1">
              <value>
                <![CDATA[Dhruv]]>
              </value>
            </param>
            <param index="2">
              <value>
                <![CDATA[Selenium descrip]]>
              </value>
            </param>
            <param index="3">
              <value>
                <![CDATA[Salem]]>
              </value>
            </param>
            <param index="4">
              <value>
                <![CDATA[8220316333]]>
              </value>
            </param>
            <param index="5">
              <value>
                <![CDATA[dhruv@gmail.com]]>
              </value>
            </param>
          </params>
          <reporter-output>
          </reporter-output>
        </test-method> <!-- runLogin -->
        <test-method is-config="true" signature="postCondition()[pri:0, instance:com.pos.testcases.CreateNewVendor@3e694b3f]" started-at="2024-03-02T16:26:36 IST" name="postCondition" finished-at="2024-03-02T16:26:36 IST" duration-ms="258" status="PASS">
          <reporter-output>
          </reporter-output>
        </test-method> <!-- postCondition -->
      </class> <!-- com.pos.testcases.CreateNewVendor -->
    </test> <!-- chrome -->
    <test started-at="2024-03-02T16:26:12 IST" name="firefox" finished-at="2024-03-02T16:26:37 IST" duration-ms="24832">
      <class name="com.pos.testcases.CreateNewCutomer">
        <test-method is-config="true" signature="startReport()[pri:0, instance:com.pos.testcases.CreateNewCutomer@6a78afa0]" started-at="2024-03-02T16:26:12 IST" name="startReport" finished-at="2024-03-02T16:26:12 IST" duration-ms="142" status="PASS">
          <reporter-output>
          </reporter-output>
        </test-method> <!-- startReport -->
        <test-method is-config="true" signature="setValues()[pri:0, instance:com.pos.testcases.CreateNewCutomer@6a78afa0]" started-at="2024-03-02T16:26:12 IST" name="setValues" finished-at="2024-03-02T16:26:12 IST" duration-ms="1" status="PASS">
          <reporter-output>
          </reporter-output>
        </test-method> <!-- setValues -->
        <test-method is-config="true" signature="startTestCase()[pri:0, instance:com.pos.testcases.CreateNewCutomer@6a78afa0]" started-at="2024-03-02T16:26:12 IST" name="startTestCase" finished-at="2024-03-02T16:26:12 IST" duration-ms="4" status="PASS">
          <reporter-output>
          </reporter-output>
        </test-method> <!-- startTestCase -->
        <test-method is-config="true" signature="preCondition(java.lang.String)[pri:0, instance:com.pos.testcases.CreateNewCutomer@6a78afa0]" started-at="2024-03-02T16:26:13 IST" name="preCondition" finished-at="2024-03-02T16:26:19 IST" duration-ms="5525" status="PASS">
          <params>
            <param index="0">
              <value>
                <![CDATA[firefox]]>
              </value>
            </param>
          </params>
          <reporter-output>
          </reporter-output>
        </test-method> <!-- preCondition -->
        <test-method signature="runLogin(java.lang.String,java.lang.String,java.lang.String,java.lang.String,java.lang.String,java.lang.String)[pri:0, instance:com.pos.testcases.CreateNewCutomer@6a78afa0]" started-at="2024-03-02T16:26:19 IST" name="runLogin" data-provider="fetchData" finished-at="2024-03-02T16:26:36 IST" duration-ms="17691" status="PASS">
          <params>
            <param index="0">
              <value>
                <![CDATA[9976749222]]>
              </value>
            </param>
            <param index="1">
              <value>
                <![CDATA[Sarfaraz]]>
              </value>
            </param>
            <param index="2">
              <value>
                <![CDATA[devops des]]>
              </value>
            </param>
            <param index="3">
              <value>
                <![CDATA[Salem]]>
              </value>
            </param>
            <param index="4">
              <value>
                <![CDATA[9976749222]]>
              </value>
            </param>
            <param index="5">
              <value>
                <![CDATA[sarf22@gmail.com]]>
              </value>
            </param>
          </params>
          <reporter-output>
          </reporter-output>
        </test-method> <!-- runLogin -->
        <test-method is-config="true" signature="postCondition()[pri:0, instance:com.pos.testcases.CreateNewCutomer@6a78afa0]" started-at="2024-03-02T16:26:36 IST" name="postCondition" finished-at="2024-03-02T16:26:37 IST" duration-ms="868" status="PASS">
          <reporter-output>
          </reporter-output>
        </test-method> <!-- postCondition -->
        <test-method is-config="true" signature="endResult()[pri:0, instance:com.pos.testcases.CreateNewCutomer@6a78afa0]" started-at="2024-03-02T16:26:37 IST" name="endResult" finished-at="2024-03-02T16:26:38 IST" duration-ms="321" status="PASS">
          <reporter-output>
          </reporter-output>
        </test-method> <!-- endResult -->
      </class> <!-- com.pos.testcases.CreateNewCutomer -->
    </test> <!-- firefox -->
  </suite> <!-- Suite -->
</testng-results>
